<?xml version="1.0" encoding="UTF-8"?>
<!-- Generated by org.testng.reporters.JUnitReportReporter -->
<testsuite hostname="DESKTOP-MIR5C8P" failures="0" tests="1" name="getAPITest.GetAPIWithoutBDD" time="3.976" errors="0" timestamp="2024-09-05T18:44:31 IST" skipped="0">
  <testcase classname="getAPITest.GetAPIWithoutBDD" name="withoutBDD" time="3.976"/>
</testsuite> <!-- getAPITest.GetAPIWithoutBDD -->
