<?xml version="1.0" encoding="UTF-8"?>
<!-- Generated by org.testng.reporters.JUnitReportReporter -->
<testsuite hostname="DESKTOP-MIR5C8P" failures="0" tests="2" name="getAPITest.ProductAPIs" time="4.207" errors="0" timestamp="2024-09-04T00:30:02 IST" skipped="0">
  <testcase classname="getAPITest.ProductAPIs" name="productGetTest_1" time="2.551"/>
  <testcase classname="getAPITest.ProductAPIs" name="productGetTest_2" time="1.656"/>
</testsuite> <!-- getAPITest.ProductAPIs -->
