<?xml version="1.0" encoding="UTF-8"?>
<!-- Generated by org.testng.reporters.JUnitReportReporter -->
<testsuite hostname="DESKTOP-MIR5C8P" failures="0" tests="1" name="postAPIs.GetAuthTokenAPI" time="3.756" errors="0" timestamp="2024-09-14T15:22:12 IST" skipped="0">
  <testcase classname="postAPIs.GetAuthTokenAPI" name="getAuthToken_withPOJO" time="3.756"/>
</testsuite> <!-- postAPIs.GetAuthTokenAPI -->
