<?xml version="1.0" encoding="UTF-8"?>
<!-- Generated by org.testng.reporters.JUnitReportReporter -->
<testsuite hostname="DESKTOP-MIR5C8P" failures="0" tests="1" name="passDiffdataAsPayload" time="1.866" errors="0" timestamp="2024-09-15T01:48:07 IST" skipped="0">
  <testcase classname="passDiffdataAsPayload" name="textData" time="1.866"/>
</testsuite> <!-- passDiffdataAsPayload -->
