<?xml version="1.0" encoding="UTF-8"?>
<!-- Generated by org.testng.reporters.JUnitReportReporter -->
<testsuite hostname="DESKTOP-MIR5C8P" failures="0" tests="1" name="deserilization.getDatainArray" time="3.010" errors="0" timestamp="2024-09-21T21:16:42 IST" skipped="0">
  <testcase classname="deserilization.getDatainArray" name="getDataFromArray" time="3.010"/>
</testsuite> <!-- deserilization.getDatainArray -->
