<?xml version="1.0" encoding="UTF-8"?>
<!-- Generated by org.testng.reporters.JUnitReportReporter -->
<testsuite hostname="DESKTOP-MIR5C8P" failures="0" tests="1" name="deserilization.ProductAPIdeserilization" time="1.755" errors="0" timestamp="2024-09-21T22:22:39 IST" skipped="0">
  <testcase classname="deserilization.ProductAPIdeserilization" name="getMapperforProductAPI" time="1.755"/>
</testsuite> <!-- deserilization.ProductAPIdeserilization -->
