<?xml version="1.0" encoding="UTF-8"?>
<!-- Generated by org.testng.reporters.JUnitReportReporter -->
<testsuite hostname="DESKTOP-MIR5C8P" failures="0" tests="1" name="updateUserPOJO.UpdateUserWithPOJO" time="3.880" errors="0" timestamp="2024-09-14T16:01:39 IST" skipped="0">
  <testcase classname="updateUserPOJO.UpdateUserWithPOJO" name="createUserwith_POJO" time="3.880"/>
</testsuite> <!-- updateUserPOJO.UpdateUserWithPOJO -->
