<?xml version="1.0" encoding="UTF-8"?>
<!-- Generated by org.testng.reporters.JUnitReportReporter -->
<testsuite hostname="DESKTOP-MIR5C8P" failures="0" tests="1" name="authAPI.BasicAuth" time="3.960" errors="0" timestamp="2024-09-27T15:02:00 IST" skipped="0">
  <testcase classname="authAPI.BasicAuth" name="AuthBasic" time="3.960"/>
</testsuite> <!-- authAPI.BasicAuth -->
