<?xml version="1.0" encoding="UTF-8"?>
<!-- Generated by org.testng.reporters.JUnitReportReporter -->
<testsuite hostname="DESKTOP-MIR5C8P" failures="0" tests="1" name="postAPIs.CreateUserAPI" time="2.817" errors="0" timestamp="2024-09-11T18:03:25 IST" skipped="0">
  <testcase classname="postAPIs.CreateUserAPI" name="createUser" time="2.817"/>
</testsuite> <!-- postAPIs.CreateUserAPI -->
