<?xml version="1.0" encoding="UTF-8"?>
<!-- Generated by org.testng.reporters.JUnitReportReporter -->
<testsuite hostname="DESKTOP-MIR5C8P" failures="0" tests="1" name="jsonArrayAPI.JsonArrayTest" time="3.192" errors="0" timestamp="2024-09-20T22:56:41 IST" skipped="0">
  <testcase classname="jsonArrayAPI.JsonArrayTest" name="ReqresjSONArrayAPI" time="3.192"/>
</testsuite> <!-- jsonArrayAPI.JsonArrayTest -->
