<?xml version="1.0" encoding="UTF-8"?>
<!-- Generated by org.testng.reporters.JUnitReportReporter -->
<testsuite hostname="DESKTOP-MIR5C8P" failures="0" tests="2" name="fakeStoreAPIWitLomBok.UserLomBokTest" time="5.776" errors="0" timestamp="2024-09-14T23:20:57 IST" skipped="0">
  <testcase classname="fakeStoreAPIWitLomBok.UserLomBokTest" name="createAndUpdateWithBuilder" time="1.508"/>
  <testcase classname="fakeStoreAPIWitLomBok.UserLomBokTest" name="PostAndUpdateAPI" time="4.268"/>
</testsuite> <!-- fakeStoreAPIWitLomBok.UserLomBokTest -->
