<?xml version="1.0" encoding="UTF-8"?>
<!-- Generated by org.testng.reporters.JUnitReportReporter -->
<testsuite hostname="DESKTOP-MIR5C8P" failures="0" tests="1" name="jayWayLibraries.FakeStoreAPI" time="5.806" errors="0" timestamp="2024-09-22T22:47:58 IST" skipped="0">
  <testcase classname="jayWayLibraries.FakeStoreAPI" name="JsonPathtest" time="5.806"/>
</testsuite> <!-- jayWayLibraries.FakeStoreAPI -->
