<?xml version="1.0" encoding="UTF-8"?>
<!-- Generated by org.testng.reporters.JUnitReportReporter -->
<testsuite hostname="DESKTOP-MIR5C8P" failures="0" tests="1" name="UploadFile" time="4.486" errors="0" timestamp="2024-09-15T01:33:32 IST" skipped="0">
  <testcase classname="UploadFile" name="fileUpload" time="4.486"/>
</testsuite> <!-- UploadFile -->
