<?xml version="1.0" encoding="UTF-8"?>
<!-- Generated by org.testng.reporters.JUnitReportReporter -->
<testsuite hostname="DESKTOP-MIR5C8P" failures="0" tests="4" name="getAPITest.GETAPIWithquerryParam" time="5.484" errors="0" timestamp="2024-09-05T19:35:39 IST" skipped="2">
  <testcase classname="getAPITest.GETAPIWithquerryParam" name="GetAPIwithPathParameter" time="1.615"/>
  <testcase classname="getAPITest.GETAPIWithquerryParam" name="GetAPIwithPathParameter" time="3.869"/>
  <testcase classname="getAPITest.GETAPIWithquerryParam" name="GetAPIwithQuerryparamWithHashMap">
    <skipped/>
  </testcase> <!-- GetAPIwithQuerryparamWithHashMap -->
  <testcase classname="getAPITest.GETAPIWithquerryParam" name="GetAPIwithQuerryparam">
    <skipped/>
  </testcase> <!-- GetAPIwithQuerryparam -->
</testsuite> <!-- getAPITest.GETAPIWithquerryParam -->
