<?xml version="1.0" encoding="UTF-8"?>
<!-- Generated by org.testng.reporters.JUnitReportReporter -->
<testsuite hostname="DESKTOP-MIR5C8P" failures="0" tests="1" name="mylombok.MyuserTest" time="4.204" errors="0" timestamp="2024-09-14T16:27:50 IST" skipped="0">
  <testcase classname="mylombok.MyuserTest" name="cCreateAndUpdateUser_WithPOJO" time="4.204"/>
</testsuite> <!-- mylombok.MyuserTest -->
