<?xml version="1.0" encoding="UTF-8"?>
<!-- Generated by org.testng.reporters.JUnitReportReporter -->
<testsuite hostname="DESKTOP-MIR5C8P" failures="0" tests="5" name="getAPITest.FetchResponsedata" time="2.900" errors="0" timestamp="2024-09-05T20:53:10 IST" skipped="4">
  <testcase classname="getAPITest.FetchResponsedata" name="getDetailData" time="2.900"/>
  <testcase classname="getAPITest.FetchResponsedata" name="GetUsersData">
    <skipped/>
  </testcase> <!-- GetUsersData -->
  <testcase classname="getAPITest.FetchResponsedata" name="GetContactAPI_withInvalidToken">
    <skipped/>
  </testcase> <!-- GetContactAPI_withInvalidToken -->
  <testcase classname="getAPITest.FetchResponsedata" name="GetContactAPI_withInvalidToken_Withextract">
    <skipped/>
  </testcase> <!-- GetContactAPI_withInvalidToken_Withextract -->
  <testcase classname="getAPITest.FetchResponsedata" name="GetSingleUser">
    <skipped/>
  </testcase> <!-- GetSingleUser -->
</testsuite> <!-- getAPITest.FetchResponsedata -->
