<?xml version="1.0" encoding="UTF-8"?>
<!-- Generated by org.testng.reporters.JUnitReportReporter -->
<testsuite hostname="DESKTOP-MIR5C8P" failures="0" tests="1" name="deserilization.MapperClass" time="4.594" errors="0" timestamp="2024-09-21T20:15:07 IST" skipped="0">
  <testcase classname="deserilization.MapperClass" name="getResponse" time="4.594"/>
</testsuite> <!-- deserilization.MapperClass -->
