<?xml version="1.0" encoding="UTF-8"?>
<!-- Generated by org.testng.reporters.JUnitReportReporter -->
<testsuite hostname="DESKTOP-MIR5C8P" failures="0" tests="1" name="getAPITest.BpApi" time="29.036" errors="0" timestamp="2024-09-10T17:21:24 IST" skipped="0">
  <testcase classname="getAPITest.BpApi" name="statusEnq" time="29.036"/>
</testsuite> <!-- getAPITest.BpApi -->
