<?xml version="1.0" encoding="UTF-8"?>
<!-- Generated by org.testng.reporters.JUnitReportReporter -->
<testsuite hostname="DESKTOP-MIR5C8P" failures="0" tests="2" name="fakeStoreAPIWitLomBok.CreateAndUpdateWithBuilder" time="5.177" errors="0" timestamp="2024-09-14T20:21:44 IST" skipped="0">
  <testcase classname="fakeStoreAPIWitLomBok.CreateAndUpdateWithBuilder" name="UpdateUserWithBuilder" time="1.555"/>
  <testcase classname="fakeStoreAPIWitLomBok.CreateAndUpdateWithBuilder" name="CreateUserWithBuilder" time="3.622"/>
</testsuite> <!-- fakeStoreAPIWitLomBok.CreateAndUpdateWithBuilder -->
